[0m[[0m[0mdebug[0m] [0m[0m> Exec(run, Some(8fc20e89-5be4-4d33-88a9-940b83e1ed82), Some(CommandSource(console0)))[0m
[0m[[0m[0mdebug[0m] [0m[0mEvaluating tasks: Compile / run[0m
[0m[[0m[0mdebug[0m] [0m[0mRunning task... Cancel: Signal, check cycles: false, forcegc: true[0m
[0m[[0m[0minfo[0m] [0m[0mcompiling 1 Scala source to C:\scala_test\test\target\scala-2.13\classes ...[0m
[0m[[0m[31merror[0m] [0m[0mC:\scala_test\test\src\main\scala\com\test1\main.scala:15:34: not found: type DefaultJsonProtocol[0m
[0m[[0m[31merror[0m] [0m[0mtrait PersonJsonProtocol extends DefaultJsonProtocol {[0m
[0m[[0m[31merror[0m] [0m[0m                                 ^[0m
[0m[[0m[31merror[0m] [0m[0mC:\scala_test\test\src\main\scala\com\test1\main.scala:20:31: not found: value jsonFormat2[0m
[0m[[0m[31merror[0m] [0m[0m  implicit val personFormat = jsonFormat2(Person)[0m
[0m[[0m[31merror[0m] [0m[0m                              ^[0m
[0m[[0m[31merror[0m] [0m[0mC:\scala_test\test\src\main\scala\com\test1\main.scala:21:34: not found: value jsonFormat2[0m
[0m[[0m[31merror[0m] [0m[0m  implicit val userAddedFormat = jsonFormat2(UserAdded)[0m
[0m[[0m[31merror[0m] [0m[0m                                 ^[0m
[0m[[0m[31merror[0m] [0m[0mC:\scala_test\test\src\main\scala\com\test1\main.scala:30:14: could not find implicit value for parameter um: akka.http.scaladsl.unmarshalling.FromRequestUnmarshaller[test.Person][0m
[0m[[0m[31merror[0m] [0m[0m    entity(as[Person]) { person:Person =>[0m
[0m[[0m[31merror[0m] [0m[0m             ^[0m
[0m[[0m[31merror[0m] [0m[0mC:\scala_test\test\src\main\scala\com\test1\main.scala:31:25: type mismatch;[0m
[0m[[0m[31merror[0m] [0m[0m found   : test.UserAdded[0m
[0m[[0m[31merror[0m] [0m[0m required: akka.http.scaladsl.marshalling.ToResponseMarshallable[0m
[0m[[0m[31merror[0m] [0m[0m      complete(UserAdded(UUID.randomUUID().toString, System.currentTimeMillis()))[0m
[0m[[0m[31merror[0m] [0m[0m                        ^[0m
[0m[[0m[31merror[0m] [0m[0m5 errors found[0m
[0m[[0m[31merror[0m] [0m[0m(Compile / [31mcompileIncremental[0m) Compilation failed[0m
[0m[[0m[31merror[0m] [0m[0mTotal time: 3 s, completed 2021. 2. 8 오후 1:24:44[0m
[0m[[0m[0mdebug[0m] [0m[0m> Exec(shell, None, None)[0m
[0m[[0m[0minfo[0m] [0m[0mshutting down sbt server[0m
