[0m[[0m[0mdebug[0m] [0m[0m> Exec(run, Some(118c9010-c6d2-462c-b151-3dc6815ce6af), Some(CommandSource(console0)))[0m
[0m[[0m[0mdebug[0m] [0m[0mEvaluating tasks: Compile / run[0m
[0m[[0m[0mdebug[0m] [0m[0mRunning task... Cancel: Signal, check cycles: false, forcegc: true[0m
[0m[[0m[0minfo[0m] [0m[0mcompiling 1 Scala source to C:\scala_test\test\target\scala-2.13\classes ...[0m
[0m[[0m[31merror[0m] [0m[0mC:\scala_test\test\src\main\scala\com\test1\main.scala:23:53: not found: type SprayJsonSupport[0m
[0m[[0m[31merror[0m] [0m[0mobject AkkaHttpJson extends PersonJsonProtocol with SprayJsonSupport {[0m
[0m[[0m[31merror[0m] [0m[0m                                                    ^[0m
[0m[[0m[31merror[0m] [0m[0mC:\scala_test\test\src\main\scala\com\test1\main.scala:28:14: could not find implicit value for parameter um: akka.http.scaladsl.unmarshalling.FromRequestUnmarshaller[test.Person][0m
[0m[[0m[31merror[0m] [0m[0m    entity(as[Person]) { person =>[0m
[0m[[0m[31merror[0m] [0m[0m             ^[0m
[0m[[0m[31merror[0m] [0m[0mC:\scala_test\test\src\main\scala\com\test1\main.scala:29:25: type mismatch;[0m
[0m[[0m[31merror[0m] [0m[0m found   : test.UserAdded[0m
[0m[[0m[31merror[0m] [0m[0m required: akka.http.scaladsl.marshalling.ToResponseMarshallable[0m
[0m[[0m[31merror[0m] [0m[0m      complete(UserAdded(UUID.randomUUID().toString, System.currentTimeMillis()))[0m
[0m[[0m[31merror[0m] [0m[0m                        ^[0m
[0m[[0m[31merror[0m] [0m[0mthree errors found[0m
[0m[[0m[31merror[0m] [0m[0m(Compile / [31mcompileIncremental[0m) Compilation failed[0m
[0m[[0m[31merror[0m] [0m[0mTotal time: 4 s, completed 2021. 2. 8 오후 1:15:05[0m
[0m[[0m[0mdebug[0m] [0m[0m> Exec(shell, None, None)[0m
[0m[[0m[0minfo[0m] [0m[0mshutting down sbt server[0m
