[0m[[0m[0mdebug[0m] [0m[0m> Exec(run, Some(4345c373-280c-4e64-9eba-29447fb4afab), Some(CommandSource(console0)))[0m
[0m[[0m[0mdebug[0m] [0m[0mEvaluating tasks: Compile / run[0m
[0m[[0m[0mdebug[0m] [0m[0mRunning task... Cancel: Signal, check cycles: false, forcegc: true[0m
[0m[[0m[0minfo[0m] [0m[0mcompiling 1 Scala source to C:\scala_test\test\target\scala-2.13\classes ...[0m
[0m[[0m[31merror[0m] [0m[0mC:\scala_test\test\src\main\scala\com\test1\main.scala:25:53: not found: type SprayJsonSupport[0m
[0m[[0m[31merror[0m] [0m[0mobject AkkaHttpJson extends PersonJsonProtocol with SprayJsonSupport {[0m
[0m[[0m[31merror[0m] [0m[0m                                                    ^[0m
[0m[[0m[31merror[0m] [0m[0mC:\scala_test\test\src\main\scala\com\test1\main.scala:30:14: could not find implicit value for parameter um: akka.http.scaladsl.unmarshalling.FromRequestUnmarshaller[test.Person][0m
[0m[[0m[31merror[0m] [0m[0m    entity(as[Person]) { person:Person =>[0m
[0m[[0m[31merror[0m] [0m[0m             ^[0m
[0m[[0m[31merror[0m] [0m[0mC:\scala_test\test\src\main\scala\com\test1\main.scala:31:25: type mismatch;[0m
[0m[[0m[31merror[0m] [0m[0m found   : test.UserAdded[0m
[0m[[0m[31merror[0m] [0m[0m required: akka.http.scaladsl.marshalling.ToResponseMarshallable[0m
[0m[[0m[31merror[0m] [0m[0m      complete(UserAdded(UUID.randomUUID().toString, System.currentTimeMillis()))[0m
[0m[[0m[31merror[0m] [0m[0m                        ^[0m
[0m[[0m[31merror[0m] [0m[0mthree errors found[0m
[0m[[0m[31merror[0m] [0m[0m(Compile / [31mcompileIncremental[0m) Compilation failed[0m
[0m[[0m[31merror[0m] [0m[0mTotal time: 3 s, completed 2021. 2. 8 오후 1:19:12[0m
[0m[[0m[0mdebug[0m] [0m[0m> Exec(shell, None, None)[0m
[0m[[0m[0minfo[0m] [0m[0mshutting down sbt server[0m
