[0m[[0m[0mdebug[0m] [0m[0m> Exec(run, Some(7ac9d78d-c9db-4b12-933c-0e587f52a4b0), Some(CommandSource(console0)))[0m
[0m[[0m[0mdebug[0m] [0m[0mEvaluating tasks: Compile / run[0m
[0m[[0m[0mdebug[0m] [0m[0mRunning task... Cancel: Signal, check cycles: false, forcegc: true[0m
[0m[[0m[0minfo[0m] [0m[0mcompiling 1 Scala source to C:\scala_test\test\target\scala-2.13\classes ...[0m
[0m[[0m[31merror[0m] [0m[0mC:\scala_test\test\src\main\scala\com\test1\main.scala:30:23: not found: value path[0m
[0m[[0m[31merror[0m] [0m[0m  val route: Route = (path("api"/"user") & post){[0m
[0m[[0m[31merror[0m] [0m[0m                      ^[0m
[0m[[0m[31merror[0m] [0m[0mC:\scala_test\test\src\main\scala\com\test1\main.scala:30:33: value / is not a member of String[0m
[0m[[0m[31merror[0m] [0m[0m  val route: Route = (path("api"/"user") & post){[0m
[0m[[0m[31merror[0m] [0m[0m                                ^[0m
[0m[[0m[31merror[0m] [0m[0mC:\scala_test\test\src\main\scala\com\test1\main.scala:30:44: not found: value post[0m
[0m[[0m[31merror[0m] [0m[0m  val route: Route = (path("api"/"user") & post){[0m
[0m[[0m[31merror[0m] [0m[0m                                           ^[0m
[0m[[0m[31merror[0m] [0m[0mC:\scala_test\test\src\main\scala\com\test1\main.scala:31:5: not found: value entity[0m
[0m[[0m[31merror[0m] [0m[0m    entity(as[Person]) { person:Person =>[0m
[0m[[0m[31merror[0m] [0m[0m    ^[0m
[0m[[0m[31merror[0m] [0m[0mC:\scala_test\test\src\main\scala\com\test1\main.scala:31:12: not found: value as[0m
[0m[[0m[31merror[0m] [0m[0m    entity(as[Person]) { person:Person =>[0m
[0m[[0m[31merror[0m] [0m[0m           ^[0m
[0m[[0m[31merror[0m] [0m[0mC:\scala_test\test\src\main\scala\com\test1\main.scala:32:7: not found: value complete[0m
[0m[[0m[31merror[0m] [0m[0m      complete(UserAdded(UUID.randomUUID().toString, System.currentTimeMillis()))[0m
[0m[[0m[31merror[0m] [0m[0m      ^[0m
[0m[[0m[31merror[0m] [0m[0m6 errors found[0m
[0m[[0m[31merror[0m] [0m[0m(Compile / [31mcompileIncremental[0m) Compilation failed[0m
[0m[[0m[31merror[0m] [0m[0mTotal time: 3 s, completed 2021. 2. 8 오후 1:25:42[0m
[0m[[0m[0mdebug[0m] [0m[0m> Exec(shell, None, None)[0m
[0m[[0m[0minfo[0m] [0m[0mshutting down sbt server[0m
