[0m[[0m[0mdebug[0m] [0m[0m> Exec(run, Some(adc5e340-aa19-414a-ad4d-51ae51a0b473), Some(CommandSource(console0)))[0m
[0m[[0m[0mdebug[0m] [0m[0mEvaluating tasks: Compile / run[0m
[0m[[0m[0mdebug[0m] [0m[0mRunning task... Cancel: Signal, check cycles: false, forcegc: true[0m
[0m[[0m[0minfo[0m] [0m[0mcompiling 2 Scala sources to C:\scala_test\test\target\scala-2.13\classes ...[0m
[0m[[0m[31merror[0m] [0m[0mC:\scala_test\test\src\main\scala\com\test1\main.scala:34:45: value ? is not a member of object com.test1.otherActor[0m
[0m[[0m[31merror[0m] [0m[0m      val actorRes:DisplayUser = otherActor ? UserAdded(person)[0m
[0m[[0m[31merror[0m] [0m[0m                                            ^[0m
[0m[[0m[31merror[0m] [0m[0mC:\scala_test\test\src\main\scala\com\test1\main.scala:35:16: value mapTo is not a member of com.test1.DisplayUser[0m
[0m[[0m[31merror[0m] [0m[0m      actorRes.mapTo[DisplayUser] onComplete {[0m
[0m[[0m[31merror[0m] [0m[0m               ^[0m
[0m[[0m[31merror[0m] [0m[0mC:\scala_test\test\src\main\scala\com\test1\main.scala:36:14: not found: value Success[0m
[0m[[0m[31merror[0m] [0m[0m        case Success(DisplayUser) => complete(DisplayUser)[0m
[0m[[0m[31merror[0m] [0m[0m             ^[0m
[0m[[0m[31merror[0m] [0m[0mC:\scala_test\test\src\main\scala\com\test1\main.scala:36:47: type mismatch;[0m
[0m[[0m[31merror[0m] [0m[0m found   : com.test1.DisplayUser.type[0m
[0m[[0m[31merror[0m] [0m[0m required: akka.http.scaladsl.marshalling.ToResponseMarshallable[0m
[0m[[0m[31merror[0m] [0m[0m        case Success(DisplayUser) => complete(DisplayUser)[0m
[0m[[0m[31merror[0m] [0m[0m                                              ^[0m
[0m[[0m[31merror[0m] [0m[0mC:\scala_test\test\src\main\scala\com\test1\main.scala:37:14: not found: value Failure[0m
[0m[[0m[31merror[0m] [0m[0m        case Failure(error) => complete("something wrong!!!")[0m
[0m[[0m[31merror[0m] [0m[0m             ^[0m
[0m[[0m[31merror[0m] [0m[0m5 errors found[0m
[0m[[0m[31merror[0m] [0m[0m(Compile / [31mcompileIncremental[0m) Compilation failed[0m
[0m[[0m[31merror[0m] [0m[0mTotal time: 4 s, completed 2021. 2. 8 오후 2:56:02[0m
[0m[[0m[0mdebug[0m] [0m[0m> Exec(shell, None, None)[0m
[0m[[0m[0minfo[0m] [0m[0mshutting down sbt server[0m
