[0m[[0m[0mdebug[0m] [0m[0m> Exec(test, Some(4f87cd09-b464-4ec8-8c89-b1e0a02ea3ee), Some(CommandSource(console0)))[0m
[0m[[0m[0mdebug[0m] [0m[0mEvaluating tasks: Test / test[0m
[0m[[0m[0mdebug[0m] [0m[0mRunning task... Cancel: Signal, check cycles: false, forcegc: true[0m
[0m[[0m[0minfo[0m] [0m[0mcompiling 1 Scala source to C:\Users\SM\2021_Trading_System\target\scala-2.12\test-classes ...[0m
[0m[[0m[31merror[0m] [0m[0mC:\Users\SM\2021_Trading_System\src\test\scala\ConsumerTest.scala:1:8: object OrderConsumerXml is not a member of package aia.integration[0m
[0m[[0m[31merror[0m] [0m[0mimport aia.integration.{Order, OrderConfirmConsumerXml, OrderConfirmProducerXml, OrderConsumerXml, SimpleProducer}[0m
[0m[[0m[31merror[0m] [0m[0m       ^[0m
[0m[[0m[31merror[0m] [0m[0mC:\Users\SM\2021_Trading_System\src\test\scala\ConsumerTest.scala:98:19: not found: type OrderConsumerXml[0m
[0m[[0m[31merror[0m] [0m[0m        Props(new OrderConsumerXml(camelUri, probe.ref)))[0m
[0m[[0m[31merror[0m] [0m[0m                  ^[0m
[0m[[0m[31merror[0m] [0m[0mC:\Users\SM\2021_Trading_System\src\test\scala\ConsumerTest.scala:118:15: value foreach is not a member of java.util.Map[String,org.apache.activemq.broker.BrokerService][0m
[0m[[0m[31merror[0m] [0m[0m      brokers.foreach { case (name, broker) => broker.stop() }[0m
[0m[[0m[31merror[0m] [0m[0m              ^[0m
[0m[[0m[31merror[0m] [0m[0mC:\Users\SM\2021_Trading_System\src\test\scala\ConsumerTest.scala:118:55: value stop is not a member of Any[0m
[0m[[0m[31merror[0m] [0m[0m      brokers.foreach { case (name, broker) => broker.stop() }[0m
[0m[[0m[31merror[0m] [0m[0m                                                      ^[0m
[0m[[0m[31merror[0m] [0m[0mfour errors found[0m
[0m[[0m[31merror[0m] [0m[0m(Test / [31mcompileIncremental[0m) Compilation failed[0m
[0m[[0m[31merror[0m] [0m[0mTotal time: 7 s, completed 2021. 2. 5 오전 10:35:33[0m
[0m[[0m[0mdebug[0m] [0m[0m> Exec(shell, None, None)[0m
