[debug] > Exec(early(addDefaultCommands), None, None)
[debug] > Exec(addDefaultCommands, None, None)
[debug] > Exec(early(initialize), None, None)
[debug] > Exec(initialize, None, None)
[debug] > Exec(early(addPluginSbtFile="""C:\Temp\idea.sbt"""), None, None)
[debug] > Exec(addPluginSbtFile="""C:\Temp\idea.sbt""", None, None)
[debug] > Exec(boot, None, None)
[debug] > Exec(writeSbtVersion, None, None)
[debug] > Exec(reload, None, None)
[debug] > Exec(sbtStashOnFailure, None, None)
[debug] > Exec(onFailure loadFailed, None, None)
[debug] > Exec(loadp, None, None)
[info] welcome to sbt 1.4.7 (Oracle Corporation Java 1.8.0_271)
[debug]       Load.loadUnit: plugins took 170.7834ms
[debug]       Load.loadUnit: defsScala took 0.5425ms
[debug] [Loading] Scanning directory C:\Users\SM\.sbt\1.0\plugins
[debug] [Loading] Found non-root projects 
[debug] [Loading] Done in C:\Users\SM\.sbt\1.0\plugins, returning: ()
[debug] deducing auto plugins based on known facts Set(Atom(sbt.plugins.CorePlugin)) and clauses Clauses(List(Clause(Atom(sbt.plugins.JvmPlugin),Set(Atom(sbt.plugins.IvyPlugin))), Clause(Atom(sbt.ScriptedPlugin),Set(Atom(sbt.plugins.JvmPlugin))), Clause(Atom(sbt.plugins.SbtPlugin),Set(Atom(sbt.ScriptedPlugin))), Clause(Atom(sbt.plugins.SemanticdbPlugin),Set(Atom(sbt.plugins.JvmPlugin))), Clause(Atom(sbt.plugins.JUnitXmlReportPlugin),Set(Atom(sbt.plugins.JvmPlugin))), Clause(Atom(sbt.plugins.MiniDependencyTreePlugin),Set(Atom(sbt.plugins.JvmPlugin))), Clause(Atom(sbt.plugins.CorePlugin),Set(Atom(sbt.plugins.IvyPlugin))), Clause(Atom(sbt.plugins.IvyPlugin),Set(Atom(sbt.plugins.JvmPlugin))), Clause(Atom(sbt.plugins.JvmPlugin),Set(Atom(sbt.plugins.SemanticdbPlugin))), Clause(Atom(sbt.plugins.JvmPlugin),Set(Atom(sbt.plugins.JUnitXmlReportPlugin))), Clause(Atom(sbt.plugins.CorePlugin),Set(Atom(sbt.plugins.Giter8TemplatePlugin))), Clause(Atom(sbt.plugins.JvmPlugin),Set(Atom(sbt.plugins.MiniDependencyTreePlugin)))))
[debug]   :: deduced result: Matched(sbt.plugins.CorePlugin,sbt.plugins.Giter8TemplatePlugin,sbt.plugins.IvyPlugin,sbt.plugins.JvmPlugin,sbt.plugins.MiniDependencyTreePlugin,sbt.plugins.JUnitXmlReportPlugin,sbt.plugins.SemanticdbPlugin)
[debug] Plugins.deducer#function took 53.8056 ms
[debug]           Load.resolveProject(global-plugins) took 100.3704ms
[debug]         Load.loadTransitive: finalizeProject(Project(id global-plugins, base: C:\Users\SM\.sbt\1.0\plugins, plugins: List(<none>))) took 212.6558ms
[debug] [Loading] Done in C:\Users\SM\.sbt\1.0\plugins, returning: (global-plugins)
[debug]       Load.loadUnit: loadedProjectsRaw took 259.5852ms
[debug]       Load.loadUnit: cleanEvalClasses took 0.3615ms
[debug]     Load.loadUnit(file:/C:/Users/SM/.sbt/1.0/plugins/, ...) took 445.5447ms
[debug]   Load.apply: load took 852.0717ms
[debug]   Load.apply: resolveProjects took 26.0014ms
[debug]   Load.apply: finalTransforms took 120.7432ms
[debug]   Load.apply: config.delegates took 33.9326ms
[debug]   Load.apply: Def.make(settings)... took 1904.5555ms
[debug]   Load.apply: structureIndex took 180.1828ms
[debug]   Load.apply: mkStreams took 2.6113ms
[info] loading global plugins from C:\Users\SM\.sbt\1.0\plugins
[debug] Running task... Cancel: Signal, check cycles: false, forcegc: true
[debug] Load.defaultLoad until apply took 7486.0223ms
[debug]           Load.loadUnit: plugins took 40.6982ms
[debug]           Load.loadUnit: defsScala took 0.0043ms
[debug] [Loading] Scanning directory C:\Users\SM\2021_Trading_System\project
[debug]             Load.loadUnit: mkEval took 9.5166ms
[debug] [Loading] Found non-root projects 
[debug] [Loading] Done in C:\Users\SM\2021_Trading_System\project, returning: ()
[debug] deducing auto plugins based on known facts Set(Atom(sbt.plugins.CorePlugin)) and clauses Clauses(List(Clause(Atom(sbt.plugins.JvmPlugin),Set(Atom(sbt.plugins.IvyPlugin))), Clause(Atom(sbt.ScriptedPlugin),Set(Atom(sbt.plugins.JvmPlugin))), Clause(Atom(sbt.plugins.SbtPlugin),Set(Atom(sbt.ScriptedPlugin))), Clause(Atom(sbt.plugins.SemanticdbPlugin),Set(Atom(sbt.plugins.JvmPlugin))), Clause(Atom(sbt.plugins.JUnitXmlReportPlugin),Set(Atom(sbt.plugins.JvmPlugin))), Clause(Atom(sbt.plugins.MiniDependencyTreePlugin),Set(Atom(sbt.plugins.JvmPlugin))), Clause(Atom(sbt.plugins.CorePlugin),Set(Atom(sbt.plugins.IvyPlugin))), Clause(Atom(sbt.plugins.IvyPlugin),Set(Atom(sbt.plugins.JvmPlugin))), Clause(Atom(sbt.plugins.JvmPlugin),Set(Atom(sbt.plugins.SemanticdbPlugin))), Clause(Atom(sbt.plugins.JvmPlugin),Set(Atom(sbt.plugins.JUnitXmlReportPlugin))), Clause(Atom(sbt.plugins.CorePlugin),Set(Atom(sbt.plugins.Giter8TemplatePlugin))), Clause(Atom(sbt.plugins.JvmPlugin),Set(Atom(sbt.plugins.MiniDependencyTreePlugin)))))
[debug]   :: deduced result: Matched(sbt.plugins.CorePlugin,sbt.plugins.Giter8TemplatePlugin,sbt.plugins.IvyPlugin,sbt.plugins.JvmPlugin,sbt.plugins.MiniDependencyTreePlugin,sbt.plugins.JUnitXmlReportPlugin,sbt.plugins.SemanticdbPlugin)
[debug] Plugins.deducer#function took 3.3095 ms
[info] loading settings for project root-2021_trading_system-build from idea.sbt ...
[debug]               Load.resolveProject(root-2021_trading_system-build) took 4.8776ms
[debug]             Load.loadTransitive: finalizeProject(Project(id root-2021_trading_system-build, base: C:\Users\SM\2021_Trading_System\project, plugins: List(<none>))) took 9.0516ms
[debug] [Loading] Done in C:\Users\SM\2021_Trading_System\project, returning: (root-2021_trading_system-build)
[debug]           Load.loadUnit: loadedProjectsRaw took 196.0128ms
[debug]           Load.loadUnit: cleanEvalClasses took 5.9282ms
[debug]         Load.loadUnit(file:/C:/Users/SM/2021_Trading_System/project/, ...) took 244.0379ms
[debug]       Load.apply: load took 246.1356ms
[debug]       Load.apply: resolveProjects took 0.1712ms
[debug]       Load.apply: finalTransforms took 13.0819ms
[debug]       Load.apply: config.delegates took 0.5763ms
[debug]       Load.apply: Def.make(settings)... took 99.9465ms
[debug]       Load.apply: structureIndex took 37.7769ms
[debug]       Load.apply: mkStreams took 0.0063ms
[info] loading project definition from C:\Users\SM\2021_Trading_System\project
[debug] Running task... Cancel: Signal, check cycles: false, forcegc: true
[debug]     Load.loadUnit: plugins took 2047.4847ms
[debug]     Load.loadUnit: defsScala took 0.0031ms
[debug] [Loading] Scanning directory C:\Users\SM\2021_Trading_System
[debug]       Load.loadUnit: mkEval took 0.2412ms
[debug] [Loading] Found non-root projects 
[debug] [Loading] Done in C:\Users\SM\2021_Trading_System, returning: ()
[debug] deducing auto plugins based on known facts Set(Atom(sbt.plugins.CorePlugin)) and clauses Clauses(List(Clause(Atom(sbt.plugins.JvmPlugin),Set(Atom(sbt.plugins.IvyPlugin))), Clause(Atom(sbt.ScriptedPlugin),Set(Atom(sbt.plugins.JvmPlugin))), Clause(Atom(sbt.plugins.SbtPlugin),Set(Atom(sbt.ScriptedPlugin))), Clause(Atom(sbt.plugins.SemanticdbPlugin),Set(Atom(sbt.plugins.JvmPlugin))), Clause(Atom(sbt.plugins.JUnitXmlReportPlugin),Set(Atom(sbt.plugins.JvmPlugin))), Clause(Atom(sbt.plugins.MiniDependencyTreePlugin),Set(Atom(sbt.plugins.JvmPlugin))), Clause(Atom(org.jetbrains.sbt.StructurePlugin),Set(Atom(sbt.plugins.JvmPlugin))), Clause(Atom(org.jetbrains.sbt.IdeaShellPlugin),Set(Atom(sbt.plugins.JvmPlugin))), Clause(Atom(org.jetbrains.sbt.indices.SbtIntellijIndicesPlugin),Set(Atom(sbt.plugins.JvmPlugin))), Clause(Atom(sbt.plugins.CorePlugin),Set(Atom(sbt.plugins.IvyPlugin))), Clause(Atom(sbt.plugins.IvyPlugin),Set(Atom(sbt.plugins.JvmPlugin))), Clause(Atom(sbt.plugins.JvmPlugin),Set(Atom(sbt.plugins.SemanticdbPlugin))), Clause(Atom(sbt.plugins.JvmPlugin),Set(Atom(sbt.plugins.JUnitXmlReportPlugin))), Clause(Atom(sbt.plugins.CorePlugin),Set(Atom(sbt.plugins.Giter8TemplatePlugin))), Clause(Atom(sbt.plugins.JvmPlugin),Set(Atom(sbt.plugins.MiniDependencyTreePlugin))), Clause(Atom(sbt.plugins.JvmPlugin),Set(Atom(org.jetbrains.sbt.StructurePlugin))), Clause(Atom(sbt.plugins.JvmPlugin),Set(Atom(org.jetbrains.sbt.IdeaShellPlugin))), Clause(And(Set(Atom(sbt.plugins.CorePlugin), Atom(sbt.plugins.JvmPlugin))),Set(Atom(org.jetbrains.sbt.indices.SbtIntellijIndicesPlugin)))))
[debug]   :: deduced result: Matched(sbt.plugins.CorePlugin,sbt.plugins.Giter8TemplatePlugin,sbt.plugins.IvyPlugin,sbt.plugins.JvmPlugin,sbt.plugins.SemanticdbPlugin,org.jetbrains.sbt.indices.SbtIntellijIndicesPlugin,sbt.plugins.JUnitXmlReportPlugin,org.jetbrains.sbt.IdeaShellPlugin,org.jetbrains.sbt.StructurePlugin,sbt.plugins.MiniDependencyTreePlugin)
[debug] Plugins.deducer#function took 4.5801 ms
[info] loading settings for project root-2021_trading_system from build.sbt ...
[debug]         Load.resolveProject(root-2021_trading_system) took 64.655ms
[debug]       Load.loadTransitive: finalizeProject(Project(id root-2021_trading_system, base: C:\Users\SM\2021_Trading_System, plugins: List(<none>))) took 71.6278ms
[debug] [Loading] Done in C:\Users\SM\2021_Trading_System, returning: (root-2021_trading_system)
[debug]     Load.loadUnit: loadedProjectsRaw took 3564.9049ms
[debug]     Load.loadUnit: cleanEvalClasses took 17.4862ms
[debug]   Load.loadUnit(file:/C:/Users/SM/2021_Trading_System/, ...) took 5630.779ms
[debug] Load.apply: load took 5633.0974ms
[debug] Load.apply: resolveProjects took 0.2205ms
[debug] Load.apply: finalTransforms took 48.4334ms
[debug] Load.apply: config.delegates took 0.5594ms
[debug] Load.apply: Def.make(settings)... took 113.8329ms
[debug] Load.apply: structureIndex took 41.0014ms
[debug] Load.apply: mkStreams took 0.0033ms
[info] set current project to 2021_Trading_System (in build file:/C:/Users/SM/2021_Trading_System/)
[debug] > Exec(sbtPopOnFailure, None, None)
[debug] > Exec(resumeFromFailure, None, None)
[debug] > Exec(notifyUsersAboutShell, None, None)
[debug] > Exec(iflast shell, None, None)
[debug] > Exec(; set ideaPort in Global := 1143 ; idea-shell, None, None)
[debug] > Exec(set ideaPort in Global := 1143, None, None)
[info] Defining Global / ideaPort
[info] The new value will be used by Compile / compile, Test / compile
[debug] Defining 
[debug] 	Global / ideaPort
[debug] 
[debug] The new value will be used by 
[debug] 	Compile / compile
[debug] 	Test / compile
[info] Reapplying settings...
[info] set current project to 2021_Trading_System (in build file:/C:/Users/SM/2021_Trading_System/)
[debug] > Exec(idea-shell, None, None)
