[0m[[0m[0mdebug[0m] [0m[0m> Exec(test, Some(217e6d23-ad4d-4b37-9bf9-e1e973aa2520), Some(CommandSource(console0)))[0m
[0m[[0m[0mdebug[0m] [0m[0mEvaluating tasks: Test / test[0m
[0m[[0m[0mdebug[0m] [0m[0mRunning task... Cancel: Signal, check cycles: false, forcegc: true[0m
[0m[[0m[0minfo[0m] [0m[0mcompiling 5 Scala sources to C:\Users\SM\2021_Trading_System\target\scala-2.12\classes ...[0m
[0m[[0m[31merror[0m] [0m[0mC:\Users\SM\2021_Trading_System\src\main\scala\aia\integration\OrderServiceApi.scala:32:34: type mismatch;[0m
[0m[[0m[31merror[0m] [0m[0m found   : scala.concurrent.Future[Any][0m
[0m[[0m[31merror[0m] [0m[0m required: PartialFunction[Nothing,?][0m
[0m[[0m[31merror[0m] [0m[0m      onSuccess(processOrders.ask(OrderId(id))) {   // onSuccessëŠ” í“¨ì²™ ê²°ê³¼ë¥¼ ë‚´ë¶€ ë£¨íŠ¸ì— ì „ë‹¬í•¨. ê·¸ë¦¬ê³  OrderIdë¥¼ processOrders ì•¡í„°ì—ê²Œ ë³´ëƒ„[0m
[0m[[0m[31merror[0m] [0m[0m                                 ^[0m
[0m[[0m[31merror[0m] [0m[0mC:\Users\SM\2021_Trading_System\src\main\scala\aia\integration\OrderServiceApi.scala:54:36: type mismatch;[0m
[0m[[0m[31merror[0m] [0m[0m found   : scala.concurrent.Future[Any][0m
[0m[[0m[31merror[0m] [0m[0m required: PartialFunction[Nothing,?][0m
[0m[[0m[31merror[0m] [0m[0m        onSuccess(processOrders.ask(order)) {[0m
[0m[[0m[31merror[0m] [0m[0m                                   ^[0m
[0m[[0m[31merror[0m] [0m[0mC:\Users\SM\2021_Trading_System\src\main\scala\aia\integration\OrderServiceApi.scala:75:3: type mismatch;[0m
[0m[[0m[31merror[0m] [0m[0m found   : Unit[0m
[0m[[0m[31merror[0m] [0m[0m required: aia.integration.Order[0m
[0m[[0m[31merror[0m] [0m[0m  }[0m
[0m[[0m[31merror[0m] [0m[0m  ^[0m
[0m[[0m[31merror[0m] [0m[0mthree errors found[0m
[0m[[0m[31merror[0m] [0m[0m(Compile / [31mcompileIncremental[0m) Compilation failed[0m
[0m[[0m[31merror[0m] [0m[0mTotal time: 5 s, completed 2021. 2. 4 ì˜¤ì „ 11:27:02[0m
[0m[[0m[0mdebug[0m] [0m[0m> Exec(shell, None, None)[0m
[0m[[0m[0mdebug[0m] [0m[0mForcing garbage collection...[0m
